<?xml version="1.0" encoding="UTF-8"?>
<testsuite xmlns:xsi="http://www.w3.org/2001/XMLSchema-instance" xsi:noNamespaceSchemaLocation="https://maven.apache.org/surefire/maven-surefire-plugin/xsd/surefire-test-report-3.0.xsd" version="3.0" name="TestSuite" time="17.72" tests="3" errors="0" skipped="0" failures="3">
  <properties>
[...]
</properties>
  <testcase name="loginTest" classname="Tests" time="1.153">
    <failure message="It&apos;s not at Login Page expected [true] but found [false]" type="java.lang.AssertionError"><![CDATA[java.lang.AssertionError: It's not at Login Page expected [true] but found [false]
	at Tests.loginTest(Tests.java:37)
]]></failure>
    <system-err><![CDATA[SLF4J: Failed to load class "org.slf4j.impl.StaticLoggerBinder".
SLF4J: Defaulting to no-operation (NOP) logger implementation
SLF4J: See http://www.slf4j.org/codes.html#StaticLoggerBinder for further details.
]]></system-err>
  </testcase>
  <testcase name="signUpTest" classname="Tests" time="1.229">
    <failure message="Error {&#10;  message=&apos;Target page, context or browser has been closed&#10;  name=&apos;TargetClosedError&#10;  stack=&apos;TargetClosedError: Target page, context or browser has been closed&#10;    at DispatcherConnection.dispatch (C:\Users\PABLO_~1\AppData\Local\Temp\playwright-java-2578193707363238413\package\lib\server\dispatchers\dispatcher.js:375:15)&#10;}&#10;Call log:&#10;-   - waiting for locator(&quot;//a[(text())=&apos;Sign up&apos;]&quot;)&#10;-     - locator resolved to &lt;a class=&quot;nav-link &quot; href=&quot;#/register&quot;&gt; Sign up&lt;/a&gt;&#10;-   - attempting click action&#10;-     - waiting for element to be visible, enabled and stable&#10;" type="com.microsoft.playwright.impl.TargetClosedError"><![CDATA[com.microsoft.playwright.impl.TargetClosedError: 
Error {
  message='Target page, context or browser has been closed
  name='TargetClosedError
  stack='TargetClosedError: Target page, context or browser has been closed
    at DispatcherConnection.dispatch (C:\Users\PABLO_~1\AppData\Local\Temp\playwright-java-2578193707363238413\package\lib\server\dispatchers\dispatcher.js:375:15)
}
Call log:
-   - waiting for locator("//a[(text())='Sign up']")
-     - locator resolved to <a class="nav-link " href="#/register"> Sign up</a>
-   - attempting click action
-     - waiting for element to be visible, enabled and stable

	at Tests.signUpTest(Tests.java:16)
Caused by: com.microsoft.playwright.impl.TargetClosedError: 
Error {
  message='Target page, context or browser has been closed
  name='TargetClosedError
  stack='TargetClosedError: Target page, context or browser has been closed
    at DispatcherConnection.dispatch (C:\Users\PABLO_~1\AppData\Local\Temp\playwright-java-2578193707363238413\package\lib\server\dispatchers\dispatcher.js:375:15)
}
Call log:
-   - waiting for locator("//a[(text())='Sign up']")
-     - locator resolved to <a class="nav-link " href="#/register"> Sign up</a>
-   - attempting click action
-     - waiting for element to be visible, enabled and stable

]]></failure>
  </testcase>
  <testcase name="tearDown" classname="Tests" time="1.329">
    <failure message="Playwright connection closed" type="com.microsoft.playwright.PlaywrightException"><![CDATA[com.microsoft.playwright.PlaywrightException: Playwright connection closed
]]></failure>
  </testcase>
</testsuite>