<?xml version="1.0" encoding="UTF-8"?>
<testng-results ignored="0" total="2" passed="2" failed="0" skipped="0">
  <reporter-output>
  </reporter-output>
  <suite started-at="2025-03-13T17:12:16 CST" name="Tests" finished-at="2025-03-13T17:12:27 CST" duration-ms="10972">
    <groups>
    </groups>
    <test started-at="2025-03-13T17:12:16 CST" name="Command line test" finished-at="2025-03-13T17:12:27 CST" duration-ms="10972">
      <class name="Tests">
        <test-method is-config="true" signature="setUp()[pri:0, instance:Tests@65fb9ffc]" started-at="2025-03-13T17:12:16 CST" name="setUp" finished-at="2025-03-13T17:12:22 CST" duration-ms="5497" status="PASS">
          <reporter-output>
          </reporter-output>
        </test-method> <!-- setUp -->
        <test-method signature="loginTest()[pri:0, instance:Tests@65fb9ffc]" started-at="2025-03-13T17:12:22 CST" name="loginTest" finished-at="2025-03-13T17:12:23 CST" duration-ms="1181" status="PASS">
          <reporter-output>
          </reporter-output>
        </test-method> <!-- loginTest -->
        <test-method is-config="true" signature="tearDown()[pri:0, instance:Tests@65fb9ffc]" started-at="2025-03-13T17:12:23 CST" name="tearDown" finished-at="2025-03-13T17:12:23 CST" duration-ms="247" status="PASS">
          <reporter-output>
          </reporter-output>
        </test-method> <!-- tearDown -->
        <test-method is-config="true" signature="setUp()[pri:0, instance:Tests@65fb9ffc]" started-at="2025-03-13T17:12:23 CST" name="setUp" finished-at="2025-03-13T17:12:26 CST" duration-ms="2704" status="PASS">
          <reporter-output>
          </reporter-output>
        </test-method> <!-- setUp -->
        <test-method signature="signUpTest()[pri:0, instance:Tests@65fb9ffc]" started-at="2025-03-13T17:12:26 CST" name="signUpTest" finished-at="2025-03-13T17:12:27 CST" duration-ms="1123" status="PASS">
          <reporter-output>
          </reporter-output>
        </test-method> <!-- signUpTest -->
        <test-method is-config="true" signature="tearDown()[pri:0, instance:Tests@65fb9ffc]" started-at="2025-03-13T17:12:27 CST" name="tearDown" finished-at="2025-03-13T17:12:27 CST" duration-ms="191" status="PASS">
          <reporter-output>
          </reporter-output>
        </test-method> <!-- tearDown -->
      </class> <!-- Tests -->
    </test> <!-- Command line test -->
  </suite> <!-- Tests -->
</testng-results>
