<?xml version="1.0" encoding="UTF-8"?>
<!-- Generated by org.testng.reporters.JUnitXMLReporter -->
<testsuite ignored="0" hostname="EPMXGUAW1685" failures="2" tests="2" name="ParallelTests" time="16.275" errors="0" timestamp="2025-03-13T12:36:23 CST">
  <testcase classname="utils.Hooks" name="@AfterMethod tearDown" time="0.176">
    <failure type="com.microsoft.playwright.PlaywrightException" message="Playwright connection closed">
      <![CDATA[com.microsoft.playwright.PlaywrightException: Playwright connection closed
at com.microsoft.playwright.impl.PipeTransport.poll(PipeTransport.java:65)
at com.microsoft.playwright.impl.Connection.processOneMessage(Connection.java:205)
at com.microsoft.playwright.impl.ChannelOwner.runUntil(ChannelOwner.java:130)
at com.microsoft.playwright.impl.Connection.sendMessage(Connection.java:130)
at com.microsoft.playwright.impl.ChannelOwner.sendMessage(ChannelOwner.java:118)
at com.microsoft.playwright.impl.ChannelOwner.sendMessage(ChannelOwner.java:113)
at com.microsoft.playwright.impl.BrowserImpl.closeImpl(BrowserImpl.java:89)
at com.microsoft.playwright.impl.BrowserImpl.lambda$close$0(BrowserImpl.java:72)
at com.microsoft.playwright.impl.LoggingSupport.lambda$withLogging$0(LoggingSupport.java:36)
at com.microsoft.playwright.impl.LoggingSupport.withLogging(LoggingSupport.java:47)
at com.microsoft.playwright.impl.ChannelOwner.withLogging(ChannelOwner.java:97)
at com.microsoft.playwright.impl.LoggingSupport.withLogging(LoggingSupport.java:35)
at com.microsoft.playwright.impl.BrowserImpl.close(BrowserImpl.java:72)
at com.microsoft.playwright.Browser.close(Browser.java:1238)
at utils.PlaywrightFactory.closeBrowser(PlaywrightFactory.java:51)
at utils.Hooks.tearDown(Hooks.java:22)
at java.base/java.util.concurrent.Executors$RunnableAdapter.call(Executors.java:515)
at java.base/java.util.concurrent.FutureTask.run(FutureTask.java:264)
at java.base/java.util.concurrent.ThreadPoolExecutor.runWorker(ThreadPoolExecutor.java:1128)
at java.base/java.util.concurrent.ThreadPoolExecutor$Worker.run(ThreadPoolExecutor.java:628)
at java.base/java.lang.Thread.run(Thread.java:834)
... Removed 18 stack frames]]>
    </failure>
  </testcase> <!-- @AfterMethod tearDown -->
  <testcase classname="Tests" name="loginTest" time="3.055">
    <failure type="java.lang.AssertionError" message="It&amp;apos;s not at Login Page expected [true] but found [false]">
      <![CDATA[java.lang.AssertionError: It's not at Login Page expected [true] but found [false]
at Tests.loginTest(Tests.java:37)
at java.base/java.util.concurrent.Executors$RunnableAdapter.call(Executors.java:515)
at java.base/java.util.concurrent.FutureTask.run(FutureTask.java:264)
at java.base/java.util.concurrent.ThreadPoolExecutor.runWorker(ThreadPoolExecutor.java:1128)
at java.base/java.util.concurrent.ThreadPoolExecutor$Worker.run(ThreadPoolExecutor.java:628)
at java.base/java.lang.Thread.run(Thread.java:834)
... Removed 16 stack frames]]>
    </failure>
  </testcase> <!-- loginTest -->
  <testcase classname="Tests" name="signUpTest" time="1.194">
    <failure type="com.microsoft.playwright.impl.TargetClosedError" message="Error {
  message=&amp;apos;Target page, context or browser has been closed
  name=&amp;apos;TargetClosedError
  stack=&amp;apos;TargetClosedError: Target page, context or browser has been closed
    at DispatcherConnection.dispatch (C:\Users\PABLO_~1\AppData\Local\Temp\playwright-java-2578193707363238413\package\lib\server\dispatchers\dispatcher.js:375:15)
}
Call log:
-   - waiting for locator(&amp;quot;//a[(text())=&amp;apos;Sign up&amp;apos;]&amp;quot;)
-     - locator resolved to &amp;lt;a class=&amp;quot;nav-link &amp;quot; href=&amp;quot;#/register&amp;quot;&amp;gt; Sign up&amp;lt;/a&amp;gt;
-   - attempting click action
-     - waiting for element to be visible, enabled and stable
">
      <![CDATA[com.microsoft.playwright.impl.TargetClosedError: Error {
  message='Target page, context or browser has been closed
  name='TargetClosedError
  stack='TargetClosedError: Target page, context or browser has been closed
    at DispatcherConnection.dispatch (C:\Users\PABLO_~1\AppData\Local\Temp\playwright-java-2578193707363238413\package\lib\server\dispatchers\dispatcher.js:375:15)
}
Call log:
-   - waiting for locator("//a[(text())='Sign up']")
-     - locator resolved to <a class="nav-link " href="#/register"> Sign up</a>
-   - attempting click action
-     - waiting for element to be visible, enabled and stable

at com.microsoft.playwright.impl.WaitableResult.get(WaitableResult.java:54)
at com.microsoft.playwright.impl.ChannelOwner.runUntil(ChannelOwner.java:132)
at com.microsoft.playwright.impl.Connection.sendMessage(Connection.java:130)
at com.microsoft.playwright.impl.ChannelOwner.sendMessage(ChannelOwner.java:118)
at com.microsoft.playwright.impl.FrameImpl.clickImpl(FrameImpl.java:252)
at com.microsoft.playwright.impl.FrameImpl.lambda$click$8(FrameImpl.java:243)
at com.microsoft.playwright.impl.LoggingSupport.lambda$withLogging$0(LoggingSupport.java:36)
at com.microsoft.playwright.impl.LoggingSupport.withLogging(LoggingSupport.java:47)
at com.microsoft.playwright.impl.ChannelOwner.withLogging(ChannelOwner.java:97)
at com.microsoft.playwright.impl.LoggingSupport.withLogging(LoggingSupport.java:35)
at com.microsoft.playwright.impl.FrameImpl.click(FrameImpl.java:243)
at com.microsoft.playwright.impl.LocatorImpl.click(LocatorImpl.java:175)
at com.microsoft.playwright.Locator.click(Locator.java:2493)
at pom.HomePage.clickSignUp(HomePage.java:28)
at Tests.signUpTest(Tests.java:16)
at java.base/java.util.concurrent.Executors$RunnableAdapter.call(Executors.java:515)
at java.base/java.util.concurrent.FutureTask.run(FutureTask.java:264)
at java.base/java.util.concurrent.ThreadPoolExecutor.runWorker(ThreadPoolExecutor.java:1128)
at java.base/java.util.concurrent.ThreadPoolExecutor$Worker.run(ThreadPoolExecutor.java:628)
at java.base/java.lang.Thread.run(Thread.java:834)
Caused by: com.microsoft.playwright.impl.TargetClosedError: Error {
  message='Target page, context or browser has been closed
  name='TargetClosedError
  stack='TargetClosedError: Target page, context or browser has been closed
    at DispatcherConnection.dispatch (C:\Users\PABLO_~1\AppData\Local\Temp\playwright-java-2578193707363238413\package\lib\server\dispatchers\dispatcher.js:375:15)
}
Call log:
-   - waiting for locator("//a[(text())='Sign up']")
-     - locator resolved to <a class="nav-link " href="#/register"> Sign up</a>
-   - attempting click action
-     - waiting for element to be visible, enabled and stable

at com.microsoft.playwright.impl.Connection.dispatch(Connection.java:256)
at com.microsoft.playwright.impl.Connection.processOneMessage(Connection.java:211)
at com.microsoft.playwright.impl.ChannelOwner.runUntil(ChannelOwner.java:130)
at com.microsoft.playwright.impl.Connection.sendMessage(Connection.java:130)
at com.microsoft.playwright.impl.ChannelOwner.sendMessage(ChannelOwner.java:118)
at com.microsoft.playwright.impl.PageImpl.close(PageImpl.java:549)
at com.microsoft.playwright.Page.close(Page.java:3948)
at utils.PlaywrightFactory.closeBrowser(PlaywrightFactory.java:43)
at utils.Hooks.tearDown(Hooks.java:22)
... 12 more
... Removed 24 stack frames]]>
    </failure>
  </testcase> <!-- signUpTest -->
</testsuite> <!-- ParallelTests -->
